2024-09-19 12:45:55,588:INFO:Database engine created successfully
2024-09-19 12:45:55,773:INFO:Database connection established successfully
2024-09-19 12:45:55,842:INFO:Data loaded successfully from SQL
2024-09-19 12:45:55,873:INFO:Data preview:          date precipitation temp_max temp_min wind  weather
0  2012-01-01           0.0     12.8      5.0  4.7  drizzle
1  2012-01-02          10.9     10.6      2.8  4.5     rain
2  2012-01-03           0.8     11.7      7.2  2.3     rain
3  2012-01-04          20.3     12.2      5.6  4.7     rain
4  2012-01-05           1.3      8.9      2.8  6.1     rain
2024-09-19 12:45:55,873:INFO:Initial data types:
date             object
precipitation    object
temp_max         object
temp_min         object
wind             object
weather          object
dtype: object
2024-09-19 12:45:55,889:INFO:'date' column converted to datetime
2024-09-19 12:45:55,889:INFO:'precipitation' column converted to float
2024-09-19 12:45:55,889:INFO:'temp_max' column converted to float
2024-09-19 12:45:55,889:INFO:'temp_min' column converted to float
2024-09-19 12:45:55,889:INFO:'wind' column converted to float
2024-09-19 12:45:55,889:INFO:Year and month columns extracted
2024-09-19 12:45:55,889:INFO:Data types after conversion:
date             datetime64[ns]
precipitation           float64
temp_max                float64
temp_min                float64
wind                    float64
weather                  object
year                      int32
month                     int32
dtype: object
2024-09-19 12:45:55,920:INFO:Monthly average temperatures calculated and rounded
2024-09-19 12:45:56,691:INFO:Data saved to SQL table 'MonthlyAvgTemperature'
